L 10/17/2024 - 12:57:18: SourceMod error session started
L 10/17/2024 - 12:57:18: Info (map "c1m1_hotel") (file "M:\SteamLibrary\steamapps\common\Left 4 Dead 2 Dedicated Server\left4dead2\addons\sourcemod\logs\errors_20241017.log")
L 10/17/2024 - 12:57:18: [SM] Failed to load plugin "nextmap.smx": Nextmap is incompatible with this game.
L 10/17/2024 - 12:58:17: Error log file session closed.
L 10/17/2024 - 12:58:34: SourceMod error session started
L 10/17/2024 - 12:58:34: Info (map "c1m1_hotel") (file "M:\SteamLibrary\steamapps\common\Left 4 Dead 2 Dedicated Server\left4dead2\addons\sourcemod\logs\errors_20241017.log")
L 10/17/2024 - 12:58:34: [SM] Failed to load plugin "nextmap.smx": Nextmap is incompatible with this game.
L 10/17/2024 - 12:59:29: Error log file session closed.
L 10/17/2024 - 13:04:16: SourceMod error session started
L 10/17/2024 - 13:04:16: Info (map "c5m5_bridge") (file "M:\SteamLibrary\steamapps\common\Left 4 Dead 2 Dedicated Server\left4dead2\addons\sourcemod\logs\errors_20241017.log")
L 10/17/2024 - 13:04:16: [SM] Failed to load plugin "nextmap.smx": Nextmap is incompatible with this game.
L 10/17/2024 - 13:04:48: Error log file session closed.
L 10/17/2024 - 13:05:17: SourceMod error session started
L 10/17/2024 - 13:05:17: Info (map "c5m5_bridge") (file "M:\SteamLibrary\steamapps\common\Left 4 Dead 2 Dedicated Server\left4dead2\addons\sourcemod\logs\errors_20241017.log")
L 10/17/2024 - 13:05:17: [SM] Exception reported: Invalid game event handle 0 (error 4)
L 10/17/2024 - 13:05:17: [SM] Blaming: L4DSafeRemove.smx
L 10/17/2024 - 13:05:17: [SM] Call stack trace:
L 10/17/2024 - 13:05:17: [SM]   [0] GetEventString
L 10/17/2024 - 13:05:17: [SM]   [1] Line 56, P:\Steam\steamapps\common\left 4 dead\left4dead\addons\sourcemod\plugins\L4DSafeRemove.sp::Event_PlayerEnteredCheckPoint
L 10/17/2024 - 13:05:17: [SM] Exception reported: Invalid game event handle 0 (error 4)
L 10/17/2024 - 13:05:17: [SM] Blaming: L4DSafeRemove.smx
L 10/17/2024 - 13:05:17: [SM] Call stack trace:
L 10/17/2024 - 13:05:17: [SM]   [0] GetEventString
L 10/17/2024 - 13:05:17: [SM]   [1] Line 56, P:\Steam\steamapps\common\left 4 dead\left4dead\addons\sourcemod\plugins\L4DSafeRemove.sp::Event_PlayerEnteredCheckPoint
L 10/17/2024 - 13:05:17: [SM] Exception reported: Invalid game event handle 0 (error 4)
L 10/17/2024 - 13:05:17: [SM] Blaming: L4DSafeRemove.smx
L 10/17/2024 - 13:05:17: [SM] Call stack trace:
L 10/17/2024 - 13:05:17: [SM]   [0] GetEventString
L 10/17/2024 - 13:05:17: [SM]   [1] Line 56, P:\Steam\steamapps\common\left 4 dead\left4dead\addons\sourcemod\plugins\L4DSafeRemove.sp::Event_PlayerEnteredCheckPoint
L 10/17/2024 - 13:05:40: Error log file session closed.
L 10/17/2024 - 13:06:57: SourceMod error session started
L 10/17/2024 - 13:06:57: Info (map "c5m5_bridge") (file "M:\SteamLibrary\steamapps\common\Left 4 Dead 2 Dedicated Server\left4dead2\addons\sourcemod\logs\errors_20241017.log")
L 10/17/2024 - 13:06:57: [SM] Failed to load plugin "nextmap.smx": Nextmap is incompatible with this game.
L 10/17/2024 - 13:18:09: SourceMod error session started
L 10/17/2024 - 13:18:09: Info (map "c1m1_hotel") (file "M:\SteamLibrary\steamapps\common\Left 4 Dead 2 Dedicated Server\left4dead2\addons\sourcemod\logs\errors_20241017.log")
L 10/17/2024 - 13:18:09: [SM] Failed to load plugin "nextmap.smx": Nextmap is incompatible with this game.
L 10/17/2024 - 13:19:33: Error log file session closed.
L 10/17/2024 - 13:22:15: SourceMod error session started
L 10/17/2024 - 13:22:15: Info (map "c8m1_apartment") (file "M:\SteamLibrary\steamapps\common\Left 4 Dead 2 Dedicated Server\left4dead2\addons\sourcemod\logs\errors_20241017.log")
L 10/17/2024 - 13:22:15: [SM] Failed to load plugin "nextmap.smx": Nextmap is incompatible with this game.
L 10/17/2024 - 13:23:19: SourceMod error session started
L 10/17/2024 - 13:23:19: Info (map "c1m1_hotel") (file "M:\SteamLibrary\steamapps\common\Left 4 Dead 2 Dedicated Server\left4dead2\addons\sourcemod\logs\errors_20241017.log")
L 10/17/2024 - 13:23:19: [SM] Failed to load plugin "nextmap.smx": Nextmap is incompatible with this game.
L 10/17/2024 - 13:24:57: Error log file session closed.
L 10/17/2024 - 13:40:19: SourceMod error session started
L 10/17/2024 - 13:40:19: Info (map "c1m1_hotel") (file "M:\SteamLibrary\steamapps\common\Left 4 Dead 2 Dedicated Server\left4dead2\addons\sourcemod\logs\errors_20241017.log")
L 10/17/2024 - 13:40:19: [SM] Failed to load plugin "nextmap.smx": Nextmap is incompatible with this game.
L 10/17/2024 - 13:41:15: Error log file session closed.
L 10/17/2024 - 13:44:51: SourceMod error session started
L 10/17/2024 - 13:44:51: Info (map "c1m1_hotel") (file "M:\SteamLibrary\steamapps\common\Left 4 Dead 2 Dedicated Server\left4dead2\addons\sourcemod\logs\errors_20241017.log")
L 10/17/2024 - 13:44:51: [SM] Failed to load plugin "nextmap.smx": Nextmap is incompatible with this game.
L 10/17/2024 - 13:49:22: Error log file session closed.
L 10/17/2024 - 13:49:57: SourceMod error session started
L 10/17/2024 - 13:49:57: Info (map "c8m1_apartment") (file "M:\SteamLibrary\steamapps\common\Left 4 Dead 2 Dedicated Server\left4dead2\addons\sourcemod\logs\errors_20241017.log")
L 10/17/2024 - 13:49:57: [SM] Failed to load plugin "nextmap.smx": Nextmap is incompatible with this game.
L 10/17/2024 - 13:50:06: Error log file session closed.
L 10/17/2024 - 13:52:46: SourceMod error session started
L 10/17/2024 - 13:52:46: Info (map "c8m1_apartment") (file "M:\SteamLibrary\steamapps\common\Left 4 Dead 2 Dedicated Server\left4dead2\addons\sourcemod\logs\errors_20241017.log")
L 10/17/2024 - 13:52:46: [SM] Failed to load plugin "nextmap.smx": Nextmap is incompatible with this game.
L 10/17/2024 - 13:53:19: Error log file session closed.
L 10/17/2024 - 13:54:07: SourceMod error session started
L 10/17/2024 - 13:54:07: Info (map "c1m1_hotel") (file "M:\SteamLibrary\steamapps\common\Left 4 Dead 2 Dedicated Server\left4dead2\addons\sourcemod\logs\errors_20241017.log")
L 10/17/2024 - 13:54:07: [SM] Failed to load plugin "nextmap.smx": Nextmap is incompatible with this game.
L 10/17/2024 - 13:54:35: Error log file session closed.
L 10/17/2024 - 13:58:26: SourceMod error session started
L 10/17/2024 - 13:58:26: Info (map "c1m1_hotel") (file "M:\SteamLibrary\steamapps\common\Left 4 Dead 2 Dedicated Server\left4dead2\addons\sourcemod\logs\errors_20241017.log")
L 10/17/2024 - 13:58:26: [SM] Failed to load plugin "nextmap.smx": Nextmap is incompatible with this game.
L 10/17/2024 - 13:58:56: Error log file session closed.
