L 07/04/2023 - 19:47:44: SourceMod error session started
L 07/04/2023 - 19:47:44: Info (map "c10m1_caves") (file "M:\SteamLibrary\steamapps\common\Left 4 Dead 2\left4dead2\addons\sourcemod\logs\errors_20230704.log")
L 07/04/2023 - 19:47:44: [SM] Failed to load plugin "nextmap.smx": Nextmap is incompatible with this game.
L 07/04/2023 - 19:47:56: Error log file session closed.
L 07/04/2023 - 20:01:48: SourceMod error session started
L 07/04/2023 - 20:01:48: Info (map "c10m1_caves") (file "M:\SteamLibrary\steamapps\common\Left 4 Dead 2\left4dead2\addons\sourcemod\logs\errors_20230704.log")
L 07/04/2023 - 20:01:48: [SM] Exception reported: Invalid game event handle 0 (error 4)
L 07/04/2023 - 20:01:48: [SM] Blaming: L4DSafeRemove.smx
L 07/04/2023 - 20:01:48: [SM] Call stack trace:
L 07/04/2023 - 20:01:48: [SM]   [0] GetEventString
L 07/04/2023 - 20:01:48: [SM]   [1] Line 56, P:\Steam\steamapps\common\left 4 dead\left4dead\addons\sourcemod\plugins\L4DSafeRemove.sp::Event_PlayerEnteredCheckPoint
L 07/04/2023 - 20:01:49: [SM] Exception reported: Invalid game event handle 0 (error 4)
L 07/04/2023 - 20:01:49: [SM] Blaming: L4DSafeRemove.smx
L 07/04/2023 - 20:01:49: [SM] Call stack trace:
L 07/04/2023 - 20:01:49: [SM]   [0] GetEventString
L 07/04/2023 - 20:01:49: [SM]   [1] Line 56, P:\Steam\steamapps\common\left 4 dead\left4dead\addons\sourcemod\plugins\L4DSafeRemove.sp::Event_PlayerEnteredCheckPoint
L 07/04/2023 - 20:01:50: [SM] Exception reported: Invalid game event handle 0 (error 4)
L 07/04/2023 - 20:01:50: [SM] Blaming: L4DSafeRemove.smx
L 07/04/2023 - 20:01:50: [SM] Call stack trace:
L 07/04/2023 - 20:01:50: [SM]   [0] GetEventString
L 07/04/2023 - 20:01:50: [SM]   [1] Line 56, P:\Steam\steamapps\common\left 4 dead\left4dead\addons\sourcemod\plugins\L4DSafeRemove.sp::Event_PlayerEnteredCheckPoint
L 07/04/2023 - 20:01:51: [SM] Exception reported: Invalid game event handle 0 (error 4)
L 07/04/2023 - 20:01:51: [SM] Blaming: L4DSafeRemove.smx
L 07/04/2023 - 20:01:51: [SM] Call stack trace:
L 07/04/2023 - 20:01:51: [SM]   [0] GetEventString
L 07/04/2023 - 20:01:51: [SM]   [1] Line 56, P:\Steam\steamapps\common\left 4 dead\left4dead\addons\sourcemod\plugins\L4DSafeRemove.sp::Event_PlayerEnteredCheckPoint
L 07/04/2023 - 20:02:04: Error log file session closed.
L 07/04/2023 - 20:02:16: SourceMod error session started
L 07/04/2023 - 20:02:16: Info (map "c10m2_drainage") (file "M:\SteamLibrary\steamapps\common\Left 4 Dead 2\left4dead2\addons\sourcemod\logs\errors_20230704.log")
L 07/04/2023 - 20:02:16: [SM] Exception reported: Invalid game event handle 0 (error 4)
L 07/04/2023 - 20:02:16: [SM] Blaming: L4DSafeRemove.smx
L 07/04/2023 - 20:02:16: [SM] Call stack trace:
L 07/04/2023 - 20:02:16: [SM]   [0] GetEventString
L 07/04/2023 - 20:02:16: [SM]   [1] Line 56, P:\Steam\steamapps\common\left 4 dead\left4dead\addons\sourcemod\plugins\L4DSafeRemove.sp::Event_PlayerEnteredCheckPoint
L 07/04/2023 - 20:02:16: [SM] Exception reported: Invalid game event handle 0 (error 4)
L 07/04/2023 - 20:02:16: [SM] Blaming: L4DSafeRemove.smx
L 07/04/2023 - 20:02:16: [SM] Call stack trace:
L 07/04/2023 - 20:02:16: [SM]   [0] GetEventString
L 07/04/2023 - 20:02:16: [SM]   [1] Line 56, P:\Steam\steamapps\common\left 4 dead\left4dead\addons\sourcemod\plugins\L4DSafeRemove.sp::Event_PlayerEnteredCheckPoint
L 07/04/2023 - 20:02:16: [SM] Exception reported: Invalid game event handle 0 (error 4)
L 07/04/2023 - 20:02:16: [SM] Blaming: L4DSafeRemove.smx
L 07/04/2023 - 20:02:16: [SM] Call stack trace:
L 07/04/2023 - 20:02:16: [SM]   [0] GetEventString
L 07/04/2023 - 20:02:16: [SM]   [1] Line 56, P:\Steam\steamapps\common\left 4 dead\left4dead\addons\sourcemod\plugins\L4DSafeRemove.sp::Event_PlayerEnteredCheckPoint
L 07/04/2023 - 20:02:16: [SM] Exception reported: Invalid game event handle 0 (error 4)
L 07/04/2023 - 20:02:16: [SM] Blaming: L4DSafeRemove.smx
L 07/04/2023 - 20:02:16: [SM] Call stack trace:
L 07/04/2023 - 20:02:16: [SM]   [0] GetEventString
L 07/04/2023 - 20:02:16: [SM]   [1] Line 56, P:\Steam\steamapps\common\left 4 dead\left4dead\addons\sourcemod\plugins\L4DSafeRemove.sp::Event_PlayerEnteredCheckPoint
L 07/04/2023 - 20:02:16: [SM] Exception reported: Invalid game event handle 0 (error 4)
L 07/04/2023 - 20:02:16: [SM] Blaming: L4DSafeRemove.smx
L 07/04/2023 - 20:02:16: [SM] Call stack trace:
L 07/04/2023 - 20:02:16: [SM]   [0] GetEventString
L 07/04/2023 - 20:02:16: [SM]   [1] Line 56, P:\Steam\steamapps\common\left 4 dead\left4dead\addons\sourcemod\plugins\L4DSafeRemove.sp::Event_PlayerEnteredCheckPoint
L 07/04/2023 - 20:02:16: [SM] Exception reported: Invalid game event handle 0 (error 4)
L 07/04/2023 - 20:02:16: [SM] Blaming: L4DSafeRemove.smx
L 07/04/2023 - 20:02:16: [SM] Call stack trace:
L 07/04/2023 - 20:02:16: [SM]   [0] GetEventString
L 07/04/2023 - 20:02:16: [SM]   [1] Line 56, P:\Steam\steamapps\common\left 4 dead\left4dead\addons\sourcemod\plugins\L4DSafeRemove.sp::Event_PlayerEnteredCheckPoint
L 07/04/2023 - 20:02:16: [SM] Exception reported: Invalid game event handle 0 (error 4)
L 07/04/2023 - 20:02:16: [SM] Blaming: L4DSafeRemove.smx
L 07/04/2023 - 20:02:16: [SM] Call stack trace:
L 07/04/2023 - 20:02:16: [SM]   [0] GetEventString
L 07/04/2023 - 20:02:16: [SM]   [1] Line 56, P:\Steam\steamapps\common\left 4 dead\left4dead\addons\sourcemod\plugins\L4DSafeRemove.sp::Event_PlayerEnteredCheckPoint
L 07/04/2023 - 20:02:16: [SM] Exception reported: Invalid game event handle 0 (error 4)
L 07/04/2023 - 20:02:16: [SM] Blaming: L4DSafeRemove.smx
L 07/04/2023 - 20:02:16: [SM] Call stack trace:
L 07/04/2023 - 20:02:16: [SM]   [0] GetEventString
L 07/04/2023 - 20:02:16: [SM]   [1] Line 56, P:\Steam\steamapps\common\left 4 dead\left4dead\addons\sourcemod\plugins\L4DSafeRemove.sp::Event_PlayerEnteredCheckPoint
L 07/04/2023 - 20:02:16: [SM] Exception reported: Invalid game event handle 0 (error 4)
L 07/04/2023 - 20:02:16: [SM] Blaming: L4DSafeRemove.smx
L 07/04/2023 - 20:02:16: [SM] Call stack trace:
L 07/04/2023 - 20:02:16: [SM]   [0] GetEventString
L 07/04/2023 - 20:02:16: [SM]   [1] Line 56, P:\Steam\steamapps\common\left 4 dead\left4dead\addons\sourcemod\plugins\L4DSafeRemove.sp::Event_PlayerEnteredCheckPoint
L 07/04/2023 - 20:02:16: [SM] Exception reported: Invalid game event handle 0 (error 4)
L 07/04/2023 - 20:02:16: [SM] Blaming: L4DSafeRemove.smx
L 07/04/2023 - 20:02:16: [SM] Call stack trace:
L 07/04/2023 - 20:02:16: [SM]   [0] GetEventString
L 07/04/2023 - 20:02:16: [SM]   [1] Line 56, P:\Steam\steamapps\common\left 4 dead\left4dead\addons\sourcemod\plugins\L4DSafeRemove.sp::Event_PlayerEnteredCheckPoint
L 07/04/2023 - 20:02:16: [SM] Exception reported: Invalid game event handle 0 (error 4)
L 07/04/2023 - 20:02:16: [SM] Blaming: L4DSafeRemove.smx
L 07/04/2023 - 20:02:16: [SM] Call stack trace:
L 07/04/2023 - 20:02:16: [SM]   [0] GetEventString
L 07/04/2023 - 20:02:16: [SM]   [1] Line 56, P:\Steam\steamapps\common\left 4 dead\left4dead\addons\sourcemod\plugins\L4DSafeRemove.sp::Event_PlayerEnteredCheckPoint
L 07/04/2023 - 20:02:16: [SM] Exception reported: Invalid game event handle 0 (error 4)
L 07/04/2023 - 20:02:16: [SM] Blaming: L4DSafeRemove.smx
L 07/04/2023 - 20:02:16: [SM] Call stack trace:
L 07/04/2023 - 20:02:16: [SM]   [0] GetEventString
L 07/04/2023 - 20:02:16: [SM]   [1] Line 56, P:\Steam\steamapps\common\left 4 dead\left4dead\addons\sourcemod\plugins\L4DSafeRemove.sp::Event_PlayerEnteredCheckPoint
L 07/04/2023 - 20:02:16: [SM] Exception reported: Invalid game event handle 0 (error 4)
L 07/04/2023 - 20:02:16: [SM] Blaming: L4DSafeRemove.smx
L 07/04/2023 - 20:02:16: [SM] Call stack trace:
L 07/04/2023 - 20:02:16: [SM]   [0] GetEventString
L 07/04/2023 - 20:02:16: [SM]   [1] Line 56, P:\Steam\steamapps\common\left 4 dead\left4dead\addons\sourcemod\plugins\L4DSafeRemove.sp::Event_PlayerEnteredCheckPoint
L 07/04/2023 - 20:02:16: [SM] Exception reported: Invalid game event handle 0 (error 4)
L 07/04/2023 - 20:02:16: [SM] Blaming: L4DSafeRemove.smx
L 07/04/2023 - 20:02:16: [SM] Call stack trace:
L 07/04/2023 - 20:02:16: [SM]   [0] GetEventString
L 07/04/2023 - 20:02:16: [SM]   [1] Line 56, P:\Steam\steamapps\common\left 4 dead\left4dead\addons\sourcemod\plugins\L4DSafeRemove.sp::Event_PlayerEnteredCheckPoint
L 07/04/2023 - 20:02:16: [SM] Exception reported: Invalid game event handle 0 (error 4)
L 07/04/2023 - 20:02:16: [SM] Blaming: L4DSafeRemove.smx
L 07/04/2023 - 20:02:16: [SM] Call stack trace:
L 07/04/2023 - 20:02:16: [SM]   [0] GetEventString
L 07/04/2023 - 20:02:16: [SM]   [1] Line 56, P:\Steam\steamapps\common\left 4 dead\left4dead\addons\sourcemod\plugins\L4DSafeRemove.sp::Event_PlayerEnteredCheckPoint
L 07/04/2023 - 20:02:16: [SM] Exception reported: Invalid game event handle 0 (error 4)
L 07/04/2023 - 20:02:16: [SM] Blaming: L4DSafeRemove.smx
L 07/04/2023 - 20:02:16: [SM] Call stack trace:
L 07/04/2023 - 20:02:16: [SM]   [0] GetEventString
L 07/04/2023 - 20:02:16: [SM]   [1] Line 56, P:\Steam\steamapps\common\left 4 dead\left4dead\addons\sourcemod\plugins\L4DSafeRemove.sp::Event_PlayerEnteredCheckPoint
L 07/04/2023 - 20:02:16: [SM] Exception reported: Invalid game event handle 0 (error 4)
L 07/04/2023 - 20:02:16: [SM] Blaming: L4DSafeRemove.smx
L 07/04/2023 - 20:02:16: [SM] Call stack trace:
L 07/04/2023 - 20:02:16: [SM]   [0] GetEventString
L 07/04/2023 - 20:02:16: [SM]   [1] Line 56, P:\Steam\steamapps\common\left 4 dead\left4dead\addons\sourcemod\plugins\L4DSafeRemove.sp::Event_PlayerEnteredCheckPoint
L 07/04/2023 - 20:02:16: [SM] Exception reported: Invalid game event handle 0 (error 4)
L 07/04/2023 - 20:02:16: [SM] Blaming: L4DSafeRemove.smx
L 07/04/2023 - 20:02:16: [SM] Call stack trace:
L 07/04/2023 - 20:02:16: [SM]   [0] GetEventString
L 07/04/2023 - 20:02:16: [SM]   [1] Line 56, P:\Steam\steamapps\common\left 4 dead\left4dead\addons\sourcemod\plugins\L4DSafeRemove.sp::Event_PlayerEnteredCheckPoint
L 07/04/2023 - 20:03:16: [SM] Exception reported: Invalid game event handle 0 (error 4)
L 07/04/2023 - 20:03:16: [SM] Blaming: L4DSafeRemove.smx
L 07/04/2023 - 20:03:16: [SM] Call stack trace:
L 07/04/2023 - 20:03:16: [SM]   [0] GetEventString
L 07/04/2023 - 20:03:16: [SM]   [1] Line 56, P:\Steam\steamapps\common\left 4 dead\left4dead\addons\sourcemod\plugins\L4DSafeRemove.sp::Event_PlayerEnteredCheckPoint
L 07/04/2023 - 20:03:18: [SM] Exception reported: Invalid game event handle 0 (error 4)
L 07/04/2023 - 20:03:18: [SM] Blaming: L4DSafeRemove.smx
L 07/04/2023 - 20:03:18: [SM] Call stack trace:
L 07/04/2023 - 20:03:18: [SM]   [0] GetEventString
L 07/04/2023 - 20:03:18: [SM]   [1] Line 56, P:\Steam\steamapps\common\left 4 dead\left4dead\addons\sourcemod\plugins\L4DSafeRemove.sp::Event_PlayerEnteredCheckPoint
L 07/04/2023 - 20:03:18: [SM] Exception reported: Invalid game event handle 0 (error 4)
L 07/04/2023 - 20:03:18: [SM] Blaming: L4DSafeRemove.smx
L 07/04/2023 - 20:03:18: [SM] Call stack trace:
L 07/04/2023 - 20:03:18: [SM]   [0] GetEventString
L 07/04/2023 - 20:03:18: [SM]   [1] Line 56, P:\Steam\steamapps\common\left 4 dead\left4dead\addons\sourcemod\plugins\L4DSafeRemove.sp::Event_PlayerEnteredCheckPoint
L 07/04/2023 - 20:03:18: [SM] Exception reported: Invalid game event handle 0 (error 4)
L 07/04/2023 - 20:03:18: [SM] Blaming: L4DSafeRemove.smx
L 07/04/2023 - 20:03:18: [SM] Call stack trace:
L 07/04/2023 - 20:03:18: [SM]   [0] GetEventString
L 07/04/2023 - 20:03:18: [SM]   [1] Line 56, P:\Steam\steamapps\common\left 4 dead\left4dead\addons\sourcemod\plugins\L4DSafeRemove.sp::Event_PlayerEnteredCheckPoint
L 07/04/2023 - 20:48:26: Error log file session closed.
L 07/04/2023 - 20:57:25: SourceMod error session started
L 07/04/2023 - 20:57:25: Info (map "c3m1_plankcountry") (file "M:\SteamLibrary\steamapps\common\Left 4 Dead 2\left4dead2\addons\sourcemod\logs\errors_20230704.log")
L 07/04/2023 - 20:57:25: [SM] Exception reported: Invalid game event handle 0 (error 4)
L 07/04/2023 - 20:57:25: [SM] Blaming: L4DSafeRemove.smx
L 07/04/2023 - 20:57:25: [SM] Call stack trace:
L 07/04/2023 - 20:57:25: [SM]   [0] GetEventString
L 07/04/2023 - 20:57:25: [SM]   [1] Line 56, P:\Steam\steamapps\common\left 4 dead\left4dead\addons\sourcemod\plugins\L4DSafeRemove.sp::Event_PlayerEnteredCheckPoint
L 07/04/2023 - 20:57:27: [SM] Exception reported: Invalid game event handle 0 (error 4)
L 07/04/2023 - 20:57:27: [SM] Blaming: L4DSafeRemove.smx
L 07/04/2023 - 20:57:27: [SM] Call stack trace:
L 07/04/2023 - 20:57:27: [SM]   [0] GetEventString
L 07/04/2023 - 20:57:27: [SM]   [1] Line 56, P:\Steam\steamapps\common\left 4 dead\left4dead\addons\sourcemod\plugins\L4DSafeRemove.sp::Event_PlayerEnteredCheckPoint
L 07/04/2023 - 20:57:32: [SM] Exception reported: Invalid game event handle 0 (error 4)
L 07/04/2023 - 20:57:32: [SM] Blaming: L4DSafeRemove.smx
L 07/04/2023 - 20:57:32: [SM] Call stack trace:
L 07/04/2023 - 20:57:32: [SM]   [0] GetEventString
L 07/04/2023 - 20:57:32: [SM]   [1] Line 56, P:\Steam\steamapps\common\left 4 dead\left4dead\addons\sourcemod\plugins\L4DSafeRemove.sp::Event_PlayerEnteredCheckPoint
L 07/04/2023 - 20:57:37: [SM] Exception reported: Invalid game event handle 0 (error 4)
L 07/04/2023 - 20:57:37: [SM] Blaming: L4DSafeRemove.smx
L 07/04/2023 - 20:57:37: [SM] Call stack trace:
L 07/04/2023 - 20:57:37: [SM]   [0] GetEventString
L 07/04/2023 - 20:57:37: [SM]   [1] Line 56, P:\Steam\steamapps\common\left 4 dead\left4dead\addons\sourcemod\plugins\L4DSafeRemove.sp::Event_PlayerEnteredCheckPoint
L 07/04/2023 - 20:57:39: [SM] Exception reported: Invalid game event handle 0 (error 4)
L 07/04/2023 - 20:57:39: [SM] Blaming: L4DSafeRemove.smx
L 07/04/2023 - 20:57:39: [SM] Call stack trace:
L 07/04/2023 - 20:57:39: [SM]   [0] GetEventString
L 07/04/2023 - 20:57:39: [SM]   [1] Line 56, P:\Steam\steamapps\common\left 4 dead\left4dead\addons\sourcemod\plugins\L4DSafeRemove.sp::Event_PlayerEnteredCheckPoint
L 07/04/2023 - 20:57:43: [SM] Exception reported: Invalid game event handle 0 (error 4)
L 07/04/2023 - 20:57:43: [SM] Blaming: L4DSafeRemove.smx
L 07/04/2023 - 20:57:43: [SM] Call stack trace:
L 07/04/2023 - 20:57:43: [SM]   [0] GetEventString
L 07/04/2023 - 20:57:43: [SM]   [1] Line 56, P:\Steam\steamapps\common\left 4 dead\left4dead\addons\sourcemod\plugins\L4DSafeRemove.sp::Event_PlayerEnteredCheckPoint
L 07/04/2023 - 20:57:47: [SM] Exception reported: Invalid game event handle 0 (error 4)
L 07/04/2023 - 20:57:47: [SM] Blaming: L4DSafeRemove.smx
L 07/04/2023 - 20:57:47: [SM] Call stack trace:
L 07/04/2023 - 20:57:48: [SM]   [0] GetEventString
L 07/04/2023 - 20:57:48: [SM]   [1] Line 56, P:\Steam\steamapps\common\left 4 dead\left4dead\addons\sourcemod\plugins\L4DSafeRemove.sp::Event_PlayerEnteredCheckPoint
L 07/04/2023 - 20:58:01: Error log file session closed.
L 07/04/2023 - 20:58:23: SourceMod error session started
L 07/04/2023 - 20:58:23: Info (map "c3m2_swamp") (file "M:\SteamLibrary\steamapps\common\Left 4 Dead 2\left4dead2\addons\sourcemod\logs\errors_20230704.log")
L 07/04/2023 - 20:58:23: [SM] Exception reported: Invalid game event handle 0 (error 4)
L 07/04/2023 - 20:58:23: [SM] Blaming: L4DSafeRemove.smx
L 07/04/2023 - 20:58:23: [SM] Call stack trace:
L 07/04/2023 - 20:58:23: [SM]   [0] GetEventString
L 07/04/2023 - 20:58:23: [SM]   [1] Line 56, P:\Steam\steamapps\common\left 4 dead\left4dead\addons\sourcemod\plugins\L4DSafeRemove.sp::Event_PlayerEnteredCheckPoint
L 07/04/2023 - 20:58:23: [SM] Exception reported: Invalid game event handle 0 (error 4)
L 07/04/2023 - 20:58:23: [SM] Blaming: L4DSafeRemove.smx
L 07/04/2023 - 20:58:23: [SM] Call stack trace:
L 07/04/2023 - 20:58:24: [SM]   [0] GetEventString
L 07/04/2023 - 20:58:24: [SM]   [1] Line 56, P:\Steam\steamapps\common\left 4 dead\left4dead\addons\sourcemod\plugins\L4DSafeRemove.sp::Event_PlayerEnteredCheckPoint
L 07/04/2023 - 20:58:24: [SM] Exception reported: Invalid game event handle 0 (error 4)
L 07/04/2023 - 20:58:24: [SM] Blaming: L4DSafeRemove.smx
L 07/04/2023 - 20:58:24: [SM] Call stack trace:
L 07/04/2023 - 20:58:24: [SM]   [0] GetEventString
L 07/04/2023 - 20:58:24: [SM]   [1] Line 56, P:\Steam\steamapps\common\left 4 dead\left4dead\addons\sourcemod\plugins\L4DSafeRemove.sp::Event_PlayerEnteredCheckPoint
L 07/04/2023 - 20:58:24: [SM] Exception reported: Invalid game event handle 0 (error 4)
L 07/04/2023 - 20:58:24: [SM] Blaming: L4DSafeRemove.smx
L 07/04/2023 - 20:58:24: [SM] Call stack trace:
L 07/04/2023 - 20:58:24: [SM]   [0] GetEventString
L 07/04/2023 - 20:58:24: [SM]   [1] Line 56, P:\Steam\steamapps\common\left 4 dead\left4dead\addons\sourcemod\plugins\L4DSafeRemove.sp::Event_PlayerEnteredCheckPoint
L 07/04/2023 - 20:58:24: [SM] Exception reported: Invalid game event handle 0 (error 4)
L 07/04/2023 - 20:58:24: [SM] Blaming: L4DSafeRemove.smx
L 07/04/2023 - 20:58:24: [SM] Call stack trace:
L 07/04/2023 - 20:58:24: [SM]   [0] GetEventString
L 07/04/2023 - 20:58:24: [SM]   [1] Line 56, P:\Steam\steamapps\common\left 4 dead\left4dead\addons\sourcemod\plugins\L4DSafeRemove.sp::Event_PlayerEnteredCheckPoint
L 07/04/2023 - 20:58:24: [SM] Exception reported: Invalid game event handle 0 (error 4)
L 07/04/2023 - 20:58:24: [SM] Blaming: L4DSafeRemove.smx
L 07/04/2023 - 20:58:24: [SM] Call stack trace:
L 07/04/2023 - 20:58:24: [SM]   [0] GetEventString
L 07/04/2023 - 20:58:24: [SM]   [1] Line 56, P:\Steam\steamapps\common\left 4 dead\left4dead\addons\sourcemod\plugins\L4DSafeRemove.sp::Event_PlayerEnteredCheckPoint
L 07/04/2023 - 20:58:24: [SM] Exception reported: Invalid game event handle 0 (error 4)
L 07/04/2023 - 20:58:24: [SM] Blaming: L4DSafeRemove.smx
L 07/04/2023 - 20:58:24: [SM] Call stack trace:
L 07/04/2023 - 20:58:24: [SM]   [0] GetEventString
L 07/04/2023 - 20:58:24: [SM]   [1] Line 56, P:\Steam\steamapps\common\left 4 dead\left4dead\addons\sourcemod\plugins\L4DSafeRemove.sp::Event_PlayerEnteredCheckPoint
L 07/04/2023 - 20:58:25: [SM] Exception reported: Invalid game event handle 0 (error 4)
L 07/04/2023 - 20:58:25: [SM] Blaming: L4DSafeRemove.smx
L 07/04/2023 - 20:58:25: [SM] Call stack trace:
L 07/04/2023 - 20:58:25: [SM]   [0] GetEventString
L 07/04/2023 - 20:58:25: [SM]   [1] Line 56, P:\Steam\steamapps\common\left 4 dead\left4dead\addons\sourcemod\plugins\L4DSafeRemove.sp::Event_PlayerEnteredCheckPoint
L 07/04/2023 - 20:58:25: [SM] Exception reported: Invalid game event handle 0 (error 4)
L 07/04/2023 - 20:58:25: [SM] Blaming: L4DSafeRemove.smx
L 07/04/2023 - 20:58:25: [SM] Call stack trace:
L 07/04/2023 - 20:58:25: [SM]   [0] GetEventString
L 07/04/2023 - 20:58:25: [SM]   [1] Line 56, P:\Steam\steamapps\common\left 4 dead\left4dead\addons\sourcemod\plugins\L4DSafeRemove.sp::Event_PlayerEnteredCheckPoint
L 07/04/2023 - 20:58:25: [SM] Exception reported: Invalid game event handle 0 (error 4)
L 07/04/2023 - 20:58:25: [SM] Blaming: L4DSafeRemove.smx
L 07/04/2023 - 20:58:25: [SM] Call stack trace:
L 07/04/2023 - 20:58:25: [SM]   [0] GetEventString
L 07/04/2023 - 20:58:25: [SM]   [1] Line 56, P:\Steam\steamapps\common\left 4 dead\left4dead\addons\sourcemod\plugins\L4DSafeRemove.sp::Event_PlayerEnteredCheckPoint
L 07/04/2023 - 20:58:25: [SM] Exception reported: Invalid game event handle 0 (error 4)
L 07/04/2023 - 20:58:25: [SM] Blaming: L4DSafeRemove.smx
L 07/04/2023 - 20:58:25: [SM] Call stack trace:
L 07/04/2023 - 20:58:25: [SM]   [0] GetEventString
L 07/04/2023 - 20:58:25: [SM]   [1] Line 56, P:\Steam\steamapps\common\left 4 dead\left4dead\addons\sourcemod\plugins\L4DSafeRemove.sp::Event_PlayerEnteredCheckPoint
L 07/04/2023 - 20:58:25: [SM] Exception reported: Invalid game event handle 0 (error 4)
L 07/04/2023 - 20:58:25: [SM] Blaming: L4DSafeRemove.smx
L 07/04/2023 - 20:58:25: [SM] Call stack trace:
L 07/04/2023 - 20:58:25: [SM]   [0] GetEventString
L 07/04/2023 - 20:58:25: [SM]   [1] Line 56, P:\Steam\steamapps\common\left 4 dead\left4dead\addons\sourcemod\plugins\L4DSafeRemove.sp::Event_PlayerEnteredCheckPoint
L 07/04/2023 - 20:58:25: [SM] Exception reported: Invalid game event handle 0 (error 4)
L 07/04/2023 - 20:58:25: [SM] Blaming: L4DSafeRemove.smx
L 07/04/2023 - 20:58:25: [SM] Call stack trace:
L 07/04/2023 - 20:58:25: [SM]   [0] GetEventString
L 07/04/2023 - 20:58:25: [SM]   [1] Line 56, P:\Steam\steamapps\common\left 4 dead\left4dead\addons\sourcemod\plugins\L4DSafeRemove.sp::Event_PlayerEnteredCheckPoint
L 07/04/2023 - 20:58:25: [SM] Exception reported: Invalid game event handle 0 (error 4)
L 07/04/2023 - 20:58:25: [SM] Blaming: L4DSafeRemove.smx
L 07/04/2023 - 20:58:25: [SM] Call stack trace:
L 07/04/2023 - 20:58:25: [SM]   [0] GetEventString
L 07/04/2023 - 20:58:25: [SM]   [1] Line 56, P:\Steam\steamapps\common\left 4 dead\left4dead\addons\sourcemod\plugins\L4DSafeRemove.sp::Event_PlayerEnteredCheckPoint
L 07/04/2023 - 20:58:25: [SM] Exception reported: Invalid game event handle 0 (error 4)
L 07/04/2023 - 20:58:25: [SM] Blaming: L4DSafeRemove.smx
L 07/04/2023 - 20:58:25: [SM] Call stack trace:
L 07/04/2023 - 20:58:25: [SM]   [0] GetEventString
L 07/04/2023 - 20:58:25: [SM]   [1] Line 56, P:\Steam\steamapps\common\left 4 dead\left4dead\addons\sourcemod\plugins\L4DSafeRemove.sp::Event_PlayerEnteredCheckPoint
L 07/04/2023 - 20:58:25: [SM] Exception reported: Invalid game event handle 0 (error 4)
L 07/04/2023 - 20:58:25: [SM] Blaming: L4DSafeRemove.smx
L 07/04/2023 - 20:58:25: [SM] Call stack trace:
L 07/04/2023 - 20:58:25: [SM]   [0] GetEventString
L 07/04/2023 - 20:58:25: [SM]   [1] Line 56, P:\Steam\steamapps\common\left 4 dead\left4dead\addons\sourcemod\plugins\L4DSafeRemove.sp::Event_PlayerEnteredCheckPoint
L 07/04/2023 - 20:58:28: [SM] Exception reported: Invalid game event handle 0 (error 4)
L 07/04/2023 - 20:58:28: [SM] Blaming: L4DSafeRemove.smx
L 07/04/2023 - 20:58:28: [SM] Call stack trace:
L 07/04/2023 - 20:58:28: [SM]   [0] GetEventString
L 07/04/2023 - 20:58:28: [SM]   [1] Line 56, P:\Steam\steamapps\common\left 4 dead\left4dead\addons\sourcemod\plugins\L4DSafeRemove.sp::Event_PlayerEnteredCheckPoint
L 07/04/2023 - 20:58:28: [SM] Exception reported: Invalid game event handle 0 (error 4)
L 07/04/2023 - 20:58:28: [SM] Blaming: L4DSafeRemove.smx
L 07/04/2023 - 20:58:28: [SM] Call stack trace:
L 07/04/2023 - 20:58:28: [SM]   [0] GetEventString
L 07/04/2023 - 20:58:28: [SM]   [1] Line 56, P:\Steam\steamapps\common\left 4 dead\left4dead\addons\sourcemod\plugins\L4DSafeRemove.sp::Event_PlayerEnteredCheckPoint
L 07/04/2023 - 20:58:28: [SM] Exception reported: Invalid game event handle 0 (error 4)
L 07/04/2023 - 20:58:28: [SM] Blaming: L4DSafeRemove.smx
L 07/04/2023 - 20:58:28: [SM] Call stack trace:
L 07/04/2023 - 20:58:28: [SM]   [0] GetEventString
L 07/04/2023 - 20:58:28: [SM]   [1] Line 56, P:\Steam\steamapps\common\left 4 dead\left4dead\addons\sourcemod\plugins\L4DSafeRemove.sp::Event_PlayerEnteredCheckPoint
L 07/04/2023 - 20:58:28: [SM] Exception reported: Invalid game event handle 0 (error 4)
L 07/04/2023 - 20:58:28: [SM] Blaming: L4DSafeRemove.smx
L 07/04/2023 - 20:58:28: [SM] Call stack trace:
L 07/04/2023 - 20:58:28: [SM]   [0] GetEventString
L 07/04/2023 - 20:58:28: [SM]   [1] Line 56, P:\Steam\steamapps\common\left 4 dead\left4dead\addons\sourcemod\plugins\L4DSafeRemove.sp::Event_PlayerEnteredCheckPoint
L 07/04/2023 - 20:58:30: [SM] Exception reported: Invalid game event handle 0 (error 4)
L 07/04/2023 - 20:58:30: [SM] Blaming: L4DSafeRemove.smx
L 07/04/2023 - 20:58:30: [SM] Call stack trace:
L 07/04/2023 - 20:58:30: [SM]   [0] GetEventString
L 07/04/2023 - 20:58:30: [SM]   [1] Line 56, P:\Steam\steamapps\common\left 4 dead\left4dead\addons\sourcemod\plugins\L4DSafeRemove.sp::Event_PlayerEnteredCheckPoint
L 07/04/2023 - 20:58:30: [SM] Exception reported: Invalid game event handle 0 (error 4)
L 07/04/2023 - 20:58:30: [SM] Blaming: L4DSafeRemove.smx
L 07/04/2023 - 20:58:31: [SM] Call stack trace:
L 07/04/2023 - 20:58:31: [SM]   [0] GetEventString
L 07/04/2023 - 20:58:31: [SM]   [1] Line 56, P:\Steam\steamapps\common\left 4 dead\left4dead\addons\sourcemod\plugins\L4DSafeRemove.sp::Event_PlayerEnteredCheckPoint
L 07/04/2023 - 20:58:31: [SM] Exception reported: Invalid game event handle 0 (error 4)
L 07/04/2023 - 20:58:31: [SM] Blaming: L4DSafeRemove.smx
L 07/04/2023 - 20:58:31: [SM] Call stack trace:
L 07/04/2023 - 20:58:31: [SM]   [0] GetEventString
L 07/04/2023 - 20:58:31: [SM]   [1] Line 56, P:\Steam\steamapps\common\left 4 dead\left4dead\addons\sourcemod\plugins\L4DSafeRemove.sp::Event_PlayerEnteredCheckPoint
L 07/04/2023 - 20:58:31: [SM] Exception reported: Invalid game event handle 0 (error 4)
L 07/04/2023 - 20:58:31: [SM] Blaming: L4DSafeRemove.smx
L 07/04/2023 - 20:58:31: [SM] Call stack trace:
L 07/04/2023 - 20:58:31: [SM]   [0] GetEventString
L 07/04/2023 - 20:58:31: [SM]   [1] Line 56, P:\Steam\steamapps\common\left 4 dead\left4dead\addons\sourcemod\plugins\L4DSafeRemove.sp::Event_PlayerEnteredCheckPoint
L 07/04/2023 - 20:59:51: [SM] Exception reported: Invalid game event handle 0 (error 4)
L 07/04/2023 - 20:59:51: [SM] Blaming: L4DSafeRemove.smx
L 07/04/2023 - 20:59:51: [SM] Call stack trace:
L 07/04/2023 - 20:59:51: [SM]   [0] GetEventString
L 07/04/2023 - 20:59:51: [SM]   [1] Line 56, P:\Steam\steamapps\common\left 4 dead\left4dead\addons\sourcemod\plugins\L4DSafeRemove.sp::Event_PlayerEnteredCheckPoint
L 07/04/2023 - 21:08:02: [SM] Exception reported: Invalid game event handle 0 (error 4)
L 07/04/2023 - 21:08:02: [SM] Blaming: L4DSafeRemove.smx
L 07/04/2023 - 21:08:02: [SM] Call stack trace:
L 07/04/2023 - 21:08:02: [SM]   [0] GetEventString
L 07/04/2023 - 21:08:02: [SM]   [1] Line 56, P:\Steam\steamapps\common\left 4 dead\left4dead\addons\sourcemod\plugins\L4DSafeRemove.sp::Event_PlayerEnteredCheckPoint
L 07/04/2023 - 21:08:03: [SM] Exception reported: Invalid game event handle 0 (error 4)
L 07/04/2023 - 21:08:03: [SM] Blaming: L4DSafeRemove.smx
L 07/04/2023 - 21:08:03: [SM] Call stack trace:
L 07/04/2023 - 21:08:03: [SM]   [0] GetEventString
L 07/04/2023 - 21:08:03: [SM]   [1] Line 56, P:\Steam\steamapps\common\left 4 dead\left4dead\addons\sourcemod\plugins\L4DSafeRemove.sp::Event_PlayerEnteredCheckPoint
L 07/04/2023 - 21:08:15: [SM] Exception reported: Invalid game event handle 0 (error 4)
L 07/04/2023 - 21:08:15: [SM] Blaming: L4DSafeRemove.smx
L 07/04/2023 - 21:08:15: [SM] Call stack trace:
L 07/04/2023 - 21:08:15: [SM]   [0] GetEventString
L 07/04/2023 - 21:08:15: [SM]   [1] Line 56, P:\Steam\steamapps\common\left 4 dead\left4dead\addons\sourcemod\plugins\L4DSafeRemove.sp::Event_PlayerEnteredCheckPoint
L 07/04/2023 - 21:08:16: [SM] Exception reported: Invalid game event handle 0 (error 4)
L 07/04/2023 - 21:08:16: [SM] Blaming: L4DSafeRemove.smx
L 07/04/2023 - 21:08:16: [SM] Call stack trace:
L 07/04/2023 - 21:08:16: [SM]   [0] GetEventString
L 07/04/2023 - 21:08:16: [SM]   [1] Line 56, P:\Steam\steamapps\common\left 4 dead\left4dead\addons\sourcemod\plugins\L4DSafeRemove.sp::Event_PlayerEnteredCheckPoint
L 07/04/2023 - 21:08:16: [SM] Exception reported: Invalid game event handle 0 (error 4)
L 07/04/2023 - 21:08:16: [SM] Blaming: L4DSafeRemove.smx
L 07/04/2023 - 21:08:16: [SM] Call stack trace:
L 07/04/2023 - 21:08:16: [SM]   [0] GetEventString
L 07/04/2023 - 21:08:16: [SM]   [1] Line 56, P:\Steam\steamapps\common\left 4 dead\left4dead\addons\sourcemod\plugins\L4DSafeRemove.sp::Event_PlayerEnteredCheckPoint
L 07/04/2023 - 21:08:17: [SM] Exception reported: Invalid game event handle 0 (error 4)
L 07/04/2023 - 21:08:17: [SM] Blaming: L4DSafeRemove.smx
L 07/04/2023 - 21:08:17: [SM] Call stack trace:
L 07/04/2023 - 21:08:17: [SM]   [0] GetEventString
L 07/04/2023 - 21:08:17: [SM]   [1] Line 56, P:\Steam\steamapps\common\left 4 dead\left4dead\addons\sourcemod\plugins\L4DSafeRemove.sp::Event_PlayerEnteredCheckPoint
L 07/04/2023 - 21:08:17: [SM] Exception reported: Invalid game event handle 0 (error 4)
L 07/04/2023 - 21:08:17: [SM] Blaming: L4DSafeRemove.smx
L 07/04/2023 - 21:08:17: [SM] Call stack trace:
L 07/04/2023 - 21:08:17: [SM]   [0] GetEventString
L 07/04/2023 - 21:08:17: [SM]   [1] Line 56, P:\Steam\steamapps\common\left 4 dead\left4dead\addons\sourcemod\plugins\L4DSafeRemove.sp::Event_PlayerEnteredCheckPoint
L 07/04/2023 - 21:08:17: [SM] Exception reported: Invalid game event handle 0 (error 4)
L 07/04/2023 - 21:08:17: [SM] Blaming: L4DSafeRemove.smx
L 07/04/2023 - 21:08:17: [SM] Call stack trace:
L 07/04/2023 - 21:08:17: [SM]   [0] GetEventString
L 07/04/2023 - 21:08:17: [SM]   [1] Line 56, P:\Steam\steamapps\common\left 4 dead\left4dead\addons\sourcemod\plugins\L4DSafeRemove.sp::Event_PlayerEnteredCheckPoint
L 07/04/2023 - 21:08:18: [SM] Exception reported: Invalid game event handle 0 (error 4)
L 07/04/2023 - 21:08:18: [SM] Blaming: L4DSafeRemove.smx
L 07/04/2023 - 21:08:18: [SM] Call stack trace:
L 07/04/2023 - 21:08:18: [SM]   [0] GetEventString
L 07/04/2023 - 21:08:18: [SM]   [1] Line 56, P:\Steam\steamapps\common\left 4 dead\left4dead\addons\sourcemod\plugins\L4DSafeRemove.sp::Event_PlayerEnteredCheckPoint
L 07/04/2023 - 21:08:18: [SM] Exception reported: Invalid game event handle 0 (error 4)
L 07/04/2023 - 21:08:18: [SM] Blaming: L4DSafeRemove.smx
L 07/04/2023 - 21:08:18: [SM] Call stack trace:
L 07/04/2023 - 21:08:18: [SM]   [0] GetEventString
L 07/04/2023 - 21:08:18: [SM]   [1] Line 56, P:\Steam\steamapps\common\left 4 dead\left4dead\addons\sourcemod\plugins\L4DSafeRemove.sp::Event_PlayerEnteredCheckPoint
L 07/04/2023 - 21:08:18: [SM] Exception reported: Invalid game event handle 0 (error 4)
L 07/04/2023 - 21:08:18: [SM] Blaming: L4DSafeRemove.smx
L 07/04/2023 - 21:08:18: [SM] Call stack trace:
L 07/04/2023 - 21:08:18: [SM]   [0] GetEventString
L 07/04/2023 - 21:08:18: [SM]   [1] Line 56, P:\Steam\steamapps\common\left 4 dead\left4dead\addons\sourcemod\plugins\L4DSafeRemove.sp::Event_PlayerEnteredCheckPoint
L 07/04/2023 - 21:08:24: [SM] Exception reported: Invalid game event handle 0 (error 4)
L 07/04/2023 - 21:08:24: [SM] Blaming: L4DSafeRemove.smx
L 07/04/2023 - 21:08:24: [SM] Call stack trace:
L 07/04/2023 - 21:08:24: [SM]   [0] GetEventString
L 07/04/2023 - 21:08:24: [SM]   [1] Line 56, P:\Steam\steamapps\common\left 4 dead\left4dead\addons\sourcemod\plugins\L4DSafeRemove.sp::Event_PlayerEnteredCheckPoint
L 07/04/2023 - 21:08:35: Error log file session closed.
L 07/04/2023 - 21:09:01: SourceMod error session started
L 07/04/2023 - 21:09:01: Info (map "c3m3_shantytown") (file "M:\SteamLibrary\steamapps\common\Left 4 Dead 2\left4dead2\addons\sourcemod\logs\errors_20230704.log")
L 07/04/2023 - 21:09:01: [SM] Exception reported: Invalid game event handle 0 (error 4)
L 07/04/2023 - 21:09:01: [SM] Blaming: L4DSafeRemove.smx
L 07/04/2023 - 21:09:01: [SM] Call stack trace:
L 07/04/2023 - 21:09:01: [SM]   [0] GetEventString
L 07/04/2023 - 21:09:01: [SM]   [1] Line 56, P:\Steam\steamapps\common\left 4 dead\left4dead\addons\sourcemod\plugins\L4DSafeRemove.sp::Event_PlayerEnteredCheckPoint
L 07/04/2023 - 21:09:01: [SM] Exception reported: Invalid game event handle 0 (error 4)
L 07/04/2023 - 21:09:01: [SM] Blaming: L4DSafeRemove.smx
L 07/04/2023 - 21:09:01: [SM] Call stack trace:
L 07/04/2023 - 21:09:01: [SM]   [0] GetEventString
L 07/04/2023 - 21:09:01: [SM]   [1] Line 56, P:\Steam\steamapps\common\left 4 dead\left4dead\addons\sourcemod\plugins\L4DSafeRemove.sp::Event_PlayerEnteredCheckPoint
L 07/04/2023 - 21:09:01: [SM] Exception reported: Invalid game event handle 0 (error 4)
L 07/04/2023 - 21:09:01: [SM] Blaming: L4DSafeRemove.smx
L 07/04/2023 - 21:09:01: [SM] Call stack trace:
L 07/04/2023 - 21:09:01: [SM]   [0] GetEventString
L 07/04/2023 - 21:09:01: [SM]   [1] Line 56, P:\Steam\steamapps\common\left 4 dead\left4dead\addons\sourcemod\plugins\L4DSafeRemove.sp::Event_PlayerEnteredCheckPoint
L 07/04/2023 - 21:09:01: [SM] Exception reported: Invalid game event handle 0 (error 4)
L 07/04/2023 - 21:09:01: [SM] Blaming: L4DSafeRemove.smx
L 07/04/2023 - 21:09:01: [SM] Call stack trace:
L 07/04/2023 - 21:09:01: [SM]   [0] GetEventString
L 07/04/2023 - 21:09:01: [SM]   [1] Line 56, P:\Steam\steamapps\common\left 4 dead\left4dead\addons\sourcemod\plugins\L4DSafeRemove.sp::Event_PlayerEnteredCheckPoint
L 07/04/2023 - 21:09:01: [SM] Exception reported: Invalid game event handle 0 (error 4)
L 07/04/2023 - 21:09:01: [SM] Blaming: L4DSafeRemove.smx
L 07/04/2023 - 21:09:01: [SM] Call stack trace:
L 07/04/2023 - 21:09:01: [SM]   [0] GetEventString
L 07/04/2023 - 21:09:01: [SM]   [1] Line 56, P:\Steam\steamapps\common\left 4 dead\left4dead\addons\sourcemod\plugins\L4DSafeRemove.sp::Event_PlayerEnteredCheckPoint
L 07/04/2023 - 21:09:01: [SM] Exception reported: Invalid game event handle 0 (error 4)
L 07/04/2023 - 21:09:01: [SM] Blaming: L4DSafeRemove.smx
L 07/04/2023 - 21:09:01: [SM] Call stack trace:
L 07/04/2023 - 21:09:01: [SM]   [0] GetEventString
L 07/04/2023 - 21:09:01: [SM]   [1] Line 56, P:\Steam\steamapps\common\left 4 dead\left4dead\addons\sourcemod\plugins\L4DSafeRemove.sp::Event_PlayerEnteredCheckPoint
L 07/04/2023 - 21:09:01: [SM] Exception reported: Invalid game event handle 0 (error 4)
L 07/04/2023 - 21:09:01: [SM] Blaming: L4DSafeRemove.smx
L 07/04/2023 - 21:09:01: [SM] Call stack trace:
L 07/04/2023 - 21:09:01: [SM]   [0] GetEventString
L 07/04/2023 - 21:09:01: [SM]   [1] Line 56, P:\Steam\steamapps\common\left 4 dead\left4dead\addons\sourcemod\plugins\L4DSafeRemove.sp::Event_PlayerEnteredCheckPoint
L 07/04/2023 - 21:09:01: [SM] Exception reported: Invalid game event handle 0 (error 4)
L 07/04/2023 - 21:09:01: [SM] Blaming: L4DSafeRemove.smx
L 07/04/2023 - 21:09:01: [SM] Call stack trace:
L 07/04/2023 - 21:09:01: [SM]   [0] GetEventString
L 07/04/2023 - 21:09:01: [SM]   [1] Line 56, P:\Steam\steamapps\common\left 4 dead\left4dead\addons\sourcemod\plugins\L4DSafeRemove.sp::Event_PlayerEnteredCheckPoint
L 07/04/2023 - 21:09:01: [SM] Exception reported: Invalid game event handle 0 (error 4)
L 07/04/2023 - 21:09:01: [SM] Blaming: L4DSafeRemove.smx
L 07/04/2023 - 21:09:01: [SM] Call stack trace:
L 07/04/2023 - 21:09:01: [SM]   [0] GetEventString
L 07/04/2023 - 21:09:01: [SM]   [1] Line 56, P:\Steam\steamapps\common\left 4 dead\left4dead\addons\sourcemod\plugins\L4DSafeRemove.sp::Event_PlayerEnteredCheckPoint
L 07/04/2023 - 21:09:01: [SM] Exception reported: Invalid game event handle 0 (error 4)
L 07/04/2023 - 21:09:01: [SM] Blaming: L4DSafeRemove.smx
L 07/04/2023 - 21:09:01: [SM] Call stack trace:
L 07/04/2023 - 21:09:01: [SM]   [0] GetEventString
L 07/04/2023 - 21:09:01: [SM]   [1] Line 56, P:\Steam\steamapps\common\left 4 dead\left4dead\addons\sourcemod\plugins\L4DSafeRemove.sp::Event_PlayerEnteredCheckPoint
L 07/04/2023 - 21:09:01: [SM] Exception reported: Invalid game event handle 0 (error 4)
L 07/04/2023 - 21:09:01: [SM] Blaming: L4DSafeRemove.smx
L 07/04/2023 - 21:09:01: [SM] Call stack trace:
L 07/04/2023 - 21:09:01: [SM]   [0] GetEventString
L 07/04/2023 - 21:09:01: [SM]   [1] Line 56, P:\Steam\steamapps\common\left 4 dead\left4dead\addons\sourcemod\plugins\L4DSafeRemove.sp::Event_PlayerEnteredCheckPoint
L 07/04/2023 - 21:09:01: [SM] Exception reported: Invalid game event handle 0 (error 4)
L 07/04/2023 - 21:09:01: [SM] Blaming: L4DSafeRemove.smx
L 07/04/2023 - 21:09:01: [SM] Call stack trace:
L 07/04/2023 - 21:09:01: [SM]   [0] GetEventString
L 07/04/2023 - 21:09:01: [SM]   [1] Line 56, P:\Steam\steamapps\common\left 4 dead\left4dead\addons\sourcemod\plugins\L4DSafeRemove.sp::Event_PlayerEnteredCheckPoint
L 07/04/2023 - 21:09:01: [SM] Exception reported: Invalid game event handle 0 (error 4)
L 07/04/2023 - 21:09:01: [SM] Blaming: L4DSafeRemove.smx
L 07/04/2023 - 21:09:01: [SM] Call stack trace:
L 07/04/2023 - 21:09:01: [SM]   [0] GetEventString
L 07/04/2023 - 21:09:01: [SM]   [1] Line 56, P:\Steam\steamapps\common\left 4 dead\left4dead\addons\sourcemod\plugins\L4DSafeRemove.sp::Event_PlayerEnteredCheckPoint
L 07/04/2023 - 21:09:03: [SM] Exception reported: Invalid game event handle 0 (error 4)
L 07/04/2023 - 21:09:03: [SM] Blaming: L4DSafeRemove.smx
L 07/04/2023 - 21:09:03: [SM] Call stack trace:
L 07/04/2023 - 21:09:03: [SM]   [0] GetEventString
L 07/04/2023 - 21:09:03: [SM]   [1] Line 56, P:\Steam\steamapps\common\left 4 dead\left4dead\addons\sourcemod\plugins\L4DSafeRemove.sp::Event_PlayerEnteredCheckPoint
L 07/04/2023 - 21:09:03: [SM] Exception reported: Invalid game event handle 0 (error 4)
L 07/04/2023 - 21:09:03: [SM] Blaming: L4DSafeRemove.smx
L 07/04/2023 - 21:09:03: [SM] Call stack trace:
L 07/04/2023 - 21:09:03: [SM]   [0] GetEventString
L 07/04/2023 - 21:09:03: [SM]   [1] Line 56, P:\Steam\steamapps\common\left 4 dead\left4dead\addons\sourcemod\plugins\L4DSafeRemove.sp::Event_PlayerEnteredCheckPoint
L 07/04/2023 - 21:09:03: [SM] Exception reported: Invalid game event handle 0 (error 4)
L 07/04/2023 - 21:09:03: [SM] Blaming: L4DSafeRemove.smx
L 07/04/2023 - 21:09:03: [SM] Call stack trace:
L 07/04/2023 - 21:09:03: [SM]   [0] GetEventString
L 07/04/2023 - 21:09:03: [SM]   [1] Line 56, P:\Steam\steamapps\common\left 4 dead\left4dead\addons\sourcemod\plugins\L4DSafeRemove.sp::Event_PlayerEnteredCheckPoint
L 07/04/2023 - 21:09:03: [SM] Exception reported: Invalid game event handle 0 (error 4)
L 07/04/2023 - 21:09:03: [SM] Blaming: L4DSafeRemove.smx
L 07/04/2023 - 21:09:03: [SM] Call stack trace:
L 07/04/2023 - 21:09:03: [SM]   [0] GetEventString
L 07/04/2023 - 21:09:03: [SM]   [1] Line 56, P:\Steam\steamapps\common\left 4 dead\left4dead\addons\sourcemod\plugins\L4DSafeRemove.sp::Event_PlayerEnteredCheckPoint
L 07/04/2023 - 21:09:03: [SM] Exception reported: Invalid game event handle 0 (error 4)
L 07/04/2023 - 21:09:03: [SM] Blaming: L4DSafeRemove.smx
L 07/04/2023 - 21:09:03: [SM] Call stack trace:
L 07/04/2023 - 21:09:03: [SM]   [0] GetEventString
L 07/04/2023 - 21:09:03: [SM]   [1] Line 56, P:\Steam\steamapps\common\left 4 dead\left4dead\addons\sourcemod\plugins\L4DSafeRemove.sp::Event_PlayerEnteredCheckPoint
L 07/04/2023 - 21:09:07: [SM] Exception reported: Invalid game event handle 0 (error 4)
L 07/04/2023 - 21:09:07: [SM] Blaming: L4DSafeRemove.smx
L 07/04/2023 - 21:09:07: [SM] Call stack trace:
L 07/04/2023 - 21:09:07: [SM]   [0] GetEventString
L 07/04/2023 - 21:09:07: [SM]   [1] Line 56, P:\Steam\steamapps\common\left 4 dead\left4dead\addons\sourcemod\plugins\L4DSafeRemove.sp::Event_PlayerEnteredCheckPoint
L 07/04/2023 - 21:09:07: [SM] Exception reported: Invalid game event handle 0 (error 4)
L 07/04/2023 - 21:09:07: [SM] Blaming: L4DSafeRemove.smx
L 07/04/2023 - 21:09:07: [SM] Call stack trace:
L 07/04/2023 - 21:09:07: [SM]   [0] GetEventString
L 07/04/2023 - 21:09:07: [SM]   [1] Line 56, P:\Steam\steamapps\common\left 4 dead\left4dead\addons\sourcemod\plugins\L4DSafeRemove.sp::Event_PlayerEnteredCheckPoint
L 07/04/2023 - 21:09:07: [SM] Exception reported: Invalid game event handle 0 (error 4)
L 07/04/2023 - 21:09:07: [SM] Blaming: L4DSafeRemove.smx
L 07/04/2023 - 21:09:07: [SM] Call stack trace:
L 07/04/2023 - 21:09:07: [SM]   [0] GetEventString
L 07/04/2023 - 21:09:07: [SM]   [1] Line 56, P:\Steam\steamapps\common\left 4 dead\left4dead\addons\sourcemod\plugins\L4DSafeRemove.sp::Event_PlayerEnteredCheckPoint
L 07/04/2023 - 21:09:07: [SM] Exception reported: Invalid game event handle 0 (error 4)
L 07/04/2023 - 21:09:07: [SM] Blaming: L4DSafeRemove.smx
L 07/04/2023 - 21:09:07: [SM] Call stack trace:
L 07/04/2023 - 21:09:07: [SM]   [0] GetEventString
L 07/04/2023 - 21:09:07: [SM]   [1] Line 56, P:\Steam\steamapps\common\left 4 dead\left4dead\addons\sourcemod\plugins\L4DSafeRemove.sp::Event_PlayerEnteredCheckPoint
L 07/04/2023 - 21:15:00: [SM] Exception reported: Invalid game event handle 0 (error 4)
L 07/04/2023 - 21:15:00: [SM] Blaming: L4DSafeRemove.smx
L 07/04/2023 - 21:15:00: [SM] Call stack trace:
L 07/04/2023 - 21:15:00: [SM]   [0] GetEventString
L 07/04/2023 - 21:15:00: [SM]   [1] Line 56, P:\Steam\steamapps\common\left 4 dead\left4dead\addons\sourcemod\plugins\L4DSafeRemove.sp::Event_PlayerEnteredCheckPoint
L 07/04/2023 - 21:15:17: [SM] Exception reported: Invalid game event handle 0 (error 4)
L 07/04/2023 - 21:15:17: [SM] Blaming: L4DSafeRemove.smx
L 07/04/2023 - 21:15:17: [SM] Call stack trace:
L 07/04/2023 - 21:15:17: [SM]   [0] GetEventString
L 07/04/2023 - 21:15:17: [SM]   [1] Line 56, P:\Steam\steamapps\common\left 4 dead\left4dead\addons\sourcemod\plugins\L4DSafeRemove.sp::Event_PlayerEnteredCheckPoint
L 07/04/2023 - 21:15:26: [SM] Exception reported: Invalid game event handle 0 (error 4)
L 07/04/2023 - 21:15:26: [SM] Blaming: L4DSafeRemove.smx
L 07/04/2023 - 21:15:26: [SM] Call stack trace:
L 07/04/2023 - 21:15:26: [SM]   [0] GetEventString
L 07/04/2023 - 21:15:26: [SM]   [1] Line 56, P:\Steam\steamapps\common\left 4 dead\left4dead\addons\sourcemod\plugins\L4DSafeRemove.sp::Event_PlayerEnteredCheckPoint
L 07/04/2023 - 21:15:38: [SM] Exception reported: Invalid game event handle 0 (error 4)
L 07/04/2023 - 21:15:38: [SM] Blaming: L4DSafeRemove.smx
L 07/04/2023 - 21:15:38: [SM] Call stack trace:
L 07/04/2023 - 21:15:38: [SM]   [0] GetEventString
L 07/04/2023 - 21:15:38: [SM]   [1] Line 56, P:\Steam\steamapps\common\left 4 dead\left4dead\addons\sourcemod\plugins\L4DSafeRemove.sp::Event_PlayerEnteredCheckPoint
L 07/04/2023 - 21:15:51: Error log file session closed.
L 07/04/2023 - 21:16:16: SourceMod error session started
L 07/04/2023 - 21:16:16: Info (map "c3m4_plantation") (file "M:\SteamLibrary\steamapps\common\Left 4 Dead 2\left4dead2\addons\sourcemod\logs\errors_20230704.log")
L 07/04/2023 - 21:16:16: [SM] Exception reported: Invalid game event handle 0 (error 4)
L 07/04/2023 - 21:16:16: [SM] Blaming: L4DSafeRemove.smx
L 07/04/2023 - 21:16:16: [SM] Call stack trace:
L 07/04/2023 - 21:16:16: [SM]   [0] GetEventString
L 07/04/2023 - 21:16:16: [SM]   [1] Line 56, P:\Steam\steamapps\common\left 4 dead\left4dead\addons\sourcemod\plugins\L4DSafeRemove.sp::Event_PlayerEnteredCheckPoint
L 07/04/2023 - 21:16:16: [SM] Exception reported: Invalid game event handle 0 (error 4)
L 07/04/2023 - 21:16:16: [SM] Blaming: L4DSafeRemove.smx
L 07/04/2023 - 21:16:16: [SM] Call stack trace:
L 07/04/2023 - 21:16:16: [SM]   [0] GetEventString
L 07/04/2023 - 21:16:16: [SM]   [1] Line 56, P:\Steam\steamapps\common\left 4 dead\left4dead\addons\sourcemod\plugins\L4DSafeRemove.sp::Event_PlayerEnteredCheckPoint
L 07/04/2023 - 21:16:16: [SM] Exception reported: Invalid game event handle 0 (error 4)
L 07/04/2023 - 21:16:16: [SM] Blaming: L4DSafeRemove.smx
L 07/04/2023 - 21:16:16: [SM] Call stack trace:
L 07/04/2023 - 21:16:16: [SM]   [0] GetEventString
L 07/04/2023 - 21:16:16: [SM]   [1] Line 56, P:\Steam\steamapps\common\left 4 dead\left4dead\addons\sourcemod\plugins\L4DSafeRemove.sp::Event_PlayerEnteredCheckPoint
L 07/04/2023 - 21:16:16: [SM] Exception reported: Invalid game event handle 0 (error 4)
L 07/04/2023 - 21:16:16: [SM] Blaming: L4DSafeRemove.smx
L 07/04/2023 - 21:16:16: [SM] Call stack trace:
L 07/04/2023 - 21:16:16: [SM]   [0] GetEventString
L 07/04/2023 - 21:16:16: [SM]   [1] Line 56, P:\Steam\steamapps\common\left 4 dead\left4dead\addons\sourcemod\plugins\L4DSafeRemove.sp::Event_PlayerEnteredCheckPoint
L 07/04/2023 - 21:16:16: [SM] Exception reported: Invalid game event handle 0 (error 4)
L 07/04/2023 - 21:16:16: [SM] Blaming: L4DSafeRemove.smx
L 07/04/2023 - 21:16:16: [SM] Call stack trace:
L 07/04/2023 - 21:16:16: [SM]   [0] GetEventString
L 07/04/2023 - 21:16:16: [SM]   [1] Line 56, P:\Steam\steamapps\common\left 4 dead\left4dead\addons\sourcemod\plugins\L4DSafeRemove.sp::Event_PlayerEnteredCheckPoint
L 07/04/2023 - 21:16:16: [SM] Exception reported: Invalid game event handle 0 (error 4)
L 07/04/2023 - 21:16:16: [SM] Blaming: L4DSafeRemove.smx
L 07/04/2023 - 21:16:16: [SM] Call stack trace:
L 07/04/2023 - 21:16:16: [SM]   [0] GetEventString
L 07/04/2023 - 21:16:16: [SM]   [1] Line 56, P:\Steam\steamapps\common\left 4 dead\left4dead\addons\sourcemod\plugins\L4DSafeRemove.sp::Event_PlayerEnteredCheckPoint
L 07/04/2023 - 21:16:16: [SM] Exception reported: Invalid game event handle 0 (error 4)
L 07/04/2023 - 21:16:16: [SM] Blaming: L4DSafeRemove.smx
L 07/04/2023 - 21:16:16: [SM] Call stack trace:
L 07/04/2023 - 21:16:16: [SM]   [0] GetEventString
L 07/04/2023 - 21:16:16: [SM]   [1] Line 56, P:\Steam\steamapps\common\left 4 dead\left4dead\addons\sourcemod\plugins\L4DSafeRemove.sp::Event_PlayerEnteredCheckPoint
L 07/04/2023 - 21:16:16: [SM] Exception reported: Invalid game event handle 0 (error 4)
L 07/04/2023 - 21:16:16: [SM] Blaming: L4DSafeRemove.smx
L 07/04/2023 - 21:16:16: [SM] Call stack trace:
L 07/04/2023 - 21:16:16: [SM]   [0] GetEventString
L 07/04/2023 - 21:16:16: [SM]   [1] Line 56, P:\Steam\steamapps\common\left 4 dead\left4dead\addons\sourcemod\plugins\L4DSafeRemove.sp::Event_PlayerEnteredCheckPoint
L 07/04/2023 - 21:16:16: [SM] Exception reported: Invalid game event handle 0 (error 4)
L 07/04/2023 - 21:16:16: [SM] Blaming: L4DSafeRemove.smx
L 07/04/2023 - 21:16:16: [SM] Call stack trace:
L 07/04/2023 - 21:16:16: [SM]   [0] GetEventString
L 07/04/2023 - 21:16:16: [SM]   [1] Line 56, P:\Steam\steamapps\common\left 4 dead\left4dead\addons\sourcemod\plugins\L4DSafeRemove.sp::Event_PlayerEnteredCheckPoint
L 07/04/2023 - 21:16:16: [SM] Exception reported: Invalid game event handle 0 (error 4)
L 07/04/2023 - 21:16:16: [SM] Blaming: L4DSafeRemove.smx
L 07/04/2023 - 21:16:16: [SM] Call stack trace:
L 07/04/2023 - 21:16:16: [SM]   [0] GetEventString
L 07/04/2023 - 21:16:16: [SM]   [1] Line 56, P:\Steam\steamapps\common\left 4 dead\left4dead\addons\sourcemod\plugins\L4DSafeRemove.sp::Event_PlayerEnteredCheckPoint
L 07/04/2023 - 21:16:16: [SM] Exception reported: Invalid game event handle 0 (error 4)
L 07/04/2023 - 21:16:16: [SM] Blaming: L4DSafeRemove.smx
L 07/04/2023 - 21:16:16: [SM] Call stack trace:
L 07/04/2023 - 21:16:16: [SM]   [0] GetEventString
L 07/04/2023 - 21:16:16: [SM]   [1] Line 56, P:\Steam\steamapps\common\left 4 dead\left4dead\addons\sourcemod\plugins\L4DSafeRemove.sp::Event_PlayerEnteredCheckPoint
L 07/04/2023 - 21:16:16: [SM] Exception reported: Invalid game event handle 0 (error 4)
L 07/04/2023 - 21:16:16: [SM] Blaming: L4DSafeRemove.smx
L 07/04/2023 - 21:16:16: [SM] Call stack trace:
L 07/04/2023 - 21:16:16: [SM]   [0] GetEventString
L 07/04/2023 - 21:16:16: [SM]   [1] Line 56, P:\Steam\steamapps\common\left 4 dead\left4dead\addons\sourcemod\plugins\L4DSafeRemove.sp::Event_PlayerEnteredCheckPoint
L 07/04/2023 - 21:16:16: [SM] Exception reported: Invalid game event handle 0 (error 4)
L 07/04/2023 - 21:16:16: [SM] Blaming: L4DSafeRemove.smx
L 07/04/2023 - 21:16:16: [SM] Call stack trace:
L 07/04/2023 - 21:16:16: [SM]   [0] GetEventString
L 07/04/2023 - 21:16:16: [SM]   [1] Line 56, P:\Steam\steamapps\common\left 4 dead\left4dead\addons\sourcemod\plugins\L4DSafeRemove.sp::Event_PlayerEnteredCheckPoint
L 07/04/2023 - 21:16:16: [SM] Exception reported: Invalid game event handle 0 (error 4)
L 07/04/2023 - 21:16:16: [SM] Blaming: L4DSafeRemove.smx
L 07/04/2023 - 21:16:16: [SM] Call stack trace:
L 07/04/2023 - 21:16:16: [SM]   [0] GetEventString
L 07/04/2023 - 21:16:16: [SM]   [1] Line 56, P:\Steam\steamapps\common\left 4 dead\left4dead\addons\sourcemod\plugins\L4DSafeRemove.sp::Event_PlayerEnteredCheckPoint
L 07/04/2023 - 21:16:16: [SM] Exception reported: Invalid game event handle 0 (error 4)
L 07/04/2023 - 21:16:16: [SM] Blaming: L4DSafeRemove.smx
L 07/04/2023 - 21:16:16: [SM] Call stack trace:
L 07/04/2023 - 21:16:16: [SM]   [0] GetEventString
L 07/04/2023 - 21:16:17: [SM]   [1] Line 56, P:\Steam\steamapps\common\left 4 dead\left4dead\addons\sourcemod\plugins\L4DSafeRemove.sp::Event_PlayerEnteredCheckPoint
L 07/04/2023 - 21:16:18: [SM] Exception reported: Invalid game event handle 0 (error 4)
L 07/04/2023 - 21:16:18: [SM] Blaming: L4DSafeRemove.smx
L 07/04/2023 - 21:16:18: [SM] Call stack trace:
L 07/04/2023 - 21:16:18: [SM]   [0] GetEventString
L 07/04/2023 - 21:16:18: [SM]   [1] Line 56, P:\Steam\steamapps\common\left 4 dead\left4dead\addons\sourcemod\plugins\L4DSafeRemove.sp::Event_PlayerEnteredCheckPoint
L 07/04/2023 - 21:16:18: [SM] Exception reported: Invalid game event handle 0 (error 4)
L 07/04/2023 - 21:16:18: [SM] Blaming: L4DSafeRemove.smx
L 07/04/2023 - 21:16:18: [SM] Call stack trace:
L 07/04/2023 - 21:16:18: [SM]   [0] GetEventString
L 07/04/2023 - 21:16:18: [SM]   [1] Line 56, P:\Steam\steamapps\common\left 4 dead\left4dead\addons\sourcemod\plugins\L4DSafeRemove.sp::Event_PlayerEnteredCheckPoint
L 07/04/2023 - 21:16:18: [SM] Exception reported: Invalid game event handle 0 (error 4)
L 07/04/2023 - 21:16:18: [SM] Blaming: L4DSafeRemove.smx
L 07/04/2023 - 21:16:18: [SM] Call stack trace:
L 07/04/2023 - 21:16:18: [SM]   [0] GetEventString
L 07/04/2023 - 21:16:18: [SM]   [1] Line 56, P:\Steam\steamapps\common\left 4 dead\left4dead\addons\sourcemod\plugins\L4DSafeRemove.sp::Event_PlayerEnteredCheckPoint
L 07/04/2023 - 21:16:18: [SM] Exception reported: Invalid game event handle 0 (error 4)
L 07/04/2023 - 21:16:18: [SM] Blaming: L4DSafeRemove.smx
L 07/04/2023 - 21:16:18: [SM] Call stack trace:
L 07/04/2023 - 21:16:18: [SM]   [0] GetEventString
L 07/04/2023 - 21:16:18: [SM]   [1] Line 56, P:\Steam\steamapps\common\left 4 dead\left4dead\addons\sourcemod\plugins\L4DSafeRemove.sp::Event_PlayerEnteredCheckPoint
L 07/04/2023 - 21:16:18: [SM] Exception reported: Invalid game event handle 0 (error 4)
L 07/04/2023 - 21:16:18: [SM] Blaming: L4DSafeRemove.smx
L 07/04/2023 - 21:16:18: [SM] Call stack trace:
L 07/04/2023 - 21:16:18: [SM]   [0] GetEventString
L 07/04/2023 - 21:16:18: [SM]   [1] Line 56, P:\Steam\steamapps\common\left 4 dead\left4dead\addons\sourcemod\plugins\L4DSafeRemove.sp::Event_PlayerEnteredCheckPoint
L 07/04/2023 - 21:16:23: [SM] Exception reported: Invalid game event handle 0 (error 4)
L 07/04/2023 - 21:16:23: [SM] Blaming: L4DSafeRemove.smx
L 07/04/2023 - 21:16:23: [SM] Call stack trace:
L 07/04/2023 - 21:16:23: [SM]   [0] GetEventString
L 07/04/2023 - 21:16:23: [SM]   [1] Line 56, P:\Steam\steamapps\common\left 4 dead\left4dead\addons\sourcemod\plugins\L4DSafeRemove.sp::Event_PlayerEnteredCheckPoint
L 07/04/2023 - 21:16:23: [SM] Exception reported: Invalid game event handle 0 (error 4)
L 07/04/2023 - 21:16:23: [SM] Blaming: L4DSafeRemove.smx
L 07/04/2023 - 21:16:23: [SM] Call stack trace:
L 07/04/2023 - 21:16:23: [SM]   [0] GetEventString
L 07/04/2023 - 21:16:23: [SM]   [1] Line 56, P:\Steam\steamapps\common\left 4 dead\left4dead\addons\sourcemod\plugins\L4DSafeRemove.sp::Event_PlayerEnteredCheckPoint
L 07/04/2023 - 21:16:23: [SM] Exception reported: Invalid game event handle 0 (error 4)
L 07/04/2023 - 21:16:23: [SM] Blaming: L4DSafeRemove.smx
L 07/04/2023 - 21:16:23: [SM] Call stack trace:
L 07/04/2023 - 21:16:23: [SM]   [0] GetEventString
L 07/04/2023 - 21:16:23: [SM]   [1] Line 56, P:\Steam\steamapps\common\left 4 dead\left4dead\addons\sourcemod\plugins\L4DSafeRemove.sp::Event_PlayerEnteredCheckPoint
L 07/04/2023 - 21:16:23: [SM] Exception reported: Invalid game event handle 0 (error 4)
L 07/04/2023 - 21:16:23: [SM] Blaming: L4DSafeRemove.smx
L 07/04/2023 - 21:16:23: [SM] Call stack trace:
L 07/04/2023 - 21:16:23: [SM]   [0] GetEventString
L 07/04/2023 - 21:16:23: [SM]   [1] Line 56, P:\Steam\steamapps\common\left 4 dead\left4dead\addons\sourcemod\plugins\L4DSafeRemove.sp::Event_PlayerEnteredCheckPoint
L 07/04/2023 - 21:16:41: [SM] Exception reported: Invalid game event handle 0 (error 4)
L 07/04/2023 - 21:16:41: [SM] Blaming: L4DSafeRemove.smx
L 07/04/2023 - 21:16:41: [SM] Call stack trace:
L 07/04/2023 - 21:16:41: [SM]   [0] GetEventString
L 07/04/2023 - 21:16:41: [SM]   [1] Line 56, P:\Steam\steamapps\common\left 4 dead\left4dead\addons\sourcemod\plugins\L4DSafeRemove.sp::Event_PlayerEnteredCheckPoint
L 07/04/2023 - 21:16:41: [SM] Exception reported: Invalid game event handle 0 (error 4)
L 07/04/2023 - 21:16:41: [SM] Blaming: L4DSafeRemove.smx
L 07/04/2023 - 21:16:41: [SM] Call stack trace:
L 07/04/2023 - 21:16:41: [SM]   [0] GetEventString
L 07/04/2023 - 21:16:41: [SM]   [1] Line 56, P:\Steam\steamapps\common\left 4 dead\left4dead\addons\sourcemod\plugins\L4DSafeRemove.sp::Event_PlayerEnteredCheckPoint
L 07/04/2023 - 21:16:41: [SM] Exception reported: Invalid game event handle 0 (error 4)
L 07/04/2023 - 21:16:41: [SM] Blaming: L4DSafeRemove.smx
L 07/04/2023 - 21:16:41: [SM] Call stack trace:
L 07/04/2023 - 21:16:41: [SM]   [0] GetEventString
L 07/04/2023 - 21:16:41: [SM]   [1] Line 56, P:\Steam\steamapps\common\left 4 dead\left4dead\addons\sourcemod\plugins\L4DSafeRemove.sp::Event_PlayerEnteredCheckPoint
L 07/04/2023 - 21:16:41: [SM] Exception reported: Invalid game event handle 0 (error 4)
L 07/04/2023 - 21:16:41: [SM] Blaming: L4DSafeRemove.smx
L 07/04/2023 - 21:16:41: [SM] Call stack trace:
L 07/04/2023 - 21:16:41: [SM]   [0] GetEventString
L 07/04/2023 - 21:16:41: [SM]   [1] Line 56, P:\Steam\steamapps\common\left 4 dead\left4dead\addons\sourcemod\plugins\L4DSafeRemove.sp::Event_PlayerEnteredCheckPoint
L 07/04/2023 - 21:28:12: Error log file session closed.
