L 07/14/2023 - 00:13:54: SourceMod log file session started (file "M:\SteamLibrary\steamapps\common\Left 4 Dead 2\left4dead2\addons\sourcemod\logs\L20230714.log") (Version "1.11.0.6932")
L 07/14/2023 - 00:13:54: [SM] Changed map to "c5m1_waterfront"
L 07/14/2023 - 00:13:56: -------- Mapchange to c5m1_waterfront --------
L 07/14/2023 - 00:15:40: [basecommands.smx] "Madame‵X<2><STEAM_1:1:60427191><>" changed cvar (cvar "arang_shop_income_multipler") (value "3")
L 07/14/2023 - 00:29:10: -------- Mapchange to c1m2_streets --------
L 07/14/2023 - 00:34:47: -------- Mapchange to l4d2_tank_challenge --------
L 07/14/2023 - 00:36:12: Log file closed.
L 07/14/2023 - 00:42:30: SourceMod log file session started (file "M:\SteamLibrary\steamapps\common\Left 4 Dead 2\left4dead2\addons\sourcemod\logs\L20230714.log") (Version "1.11.0.6932")
L 07/14/2023 - 00:42:30: [SM] Changed map to "l4d2_tanksplayground"
L 07/14/2023 - 00:42:31: -------- Mapchange to l4d2_tanksplayground --------
L 07/14/2023 - 00:58:41: -------- Mapchange to l4d2_tank_challenge --------
L 07/14/2023 - 00:59:50: [basecommands.smx] "Madame‵X<41><STEAM_1:1:60427191><>" changed cvar (cvar "arang_shop_income_multipler") (value "3")
L 07/14/2023 - 01:25:24: Log file closed.
L 07/14/2023 - 21:55:49: SourceMod log file session started (file "M:\SteamLibrary\steamapps\common\Left 4 Dead 2\left4dead2\addons\sourcemod\logs\L20230714.log") (Version "1.11.0.6932")
L 07/14/2023 - 21:55:49: [SM] Changed map to "c2m1_highway"
L 07/14/2023 - 21:55:50: -------- Mapchange to c2m1_highway --------
L 07/14/2023 - 21:57:31: [basecommands.smx] "Madame‵X<2><STEAM_1:1:60427191><>" changed cvar (cvar "arang_shop_income_multipler") (value "3")
L 07/14/2023 - 22:06:15: -------- Mapchange to c2m2_fairgrounds --------
L 07/14/2023 - 22:23:37: -------- Mapchange to c2m3_coaster --------
L 07/14/2023 - 22:32:41: -------- Mapchange to c2m4_barns --------
L 07/14/2023 - 22:45:05: -------- Mapchange to c2m5_concert --------
L 07/14/2023 - 22:55:09: -------- Mapchange to c11m1_greenhouse --------
L 07/14/2023 - 23:00:12: -------- Mapchange to c11m2_offices --------
L 07/14/2023 - 23:00:38: [basecommands.smx] "Madame‵X<223><STEAM_1:1:60427191><>" changed cvar (cvar "arang_shop_income_multipler") (value "3")
L 07/14/2023 - 23:09:16: -------- Mapchange to c11m3_garage --------
L 07/14/2023 - 23:23:05: -------- Mapchange to c11m4_terminal --------
L 07/14/2023 - 23:30:46: -------- Mapchange to c11m5_runway --------
L 07/14/2023 - 23:42:56: -------- Mapchange to c5m1_waterfront --------
L 07/14/2023 - 23:47:45: [basecommands.smx] "Madame‵X<350><STEAM_1:1:60427191><>" changed cvar (cvar "arang_shop_income_multipler") (value "3")
L 07/14/2023 - 23:48:28: -------- Mapchange to c5m2_park --------
L 07/14/2023 - 23:56:31: -------- Mapchange to c5m3_cemetery --------
L 07/15/2023 - 00:06:03: Log file closed.
