L 10/17/2024 - 12:59:29: SourceMod log file session started (file "M:\SteamLibrary\steamapps\common\Left 4 Dead 2 Dedicated Server\left4dead2\addons\sourcemod\logs\L20241017.log") (Version "1.11.0.6969")
L 10/17/2024 - 12:59:29: -------- Mapchange to c1m1_hotel --------
L 10/17/2024 - 12:59:44: -------- Mapchange to c14m1_junkyard --------
L 10/17/2024 - 13:01:05: -------- Mapchange to c11m1_greenhouse --------
L 10/17/2024 - 13:01:34: [SM] Changed map to "c11m1_greenhouse"
L 10/17/2024 - 13:01:35: -------- Mapchange to c11m1_greenhouse --------
L 10/17/2024 - 13:01:42: -------- Mapchange to c11m1_greenhouse --------
L 10/17/2024 - 13:03:09: Log file closed.
L 10/17/2024 - 13:04:48: SourceMod log file session started (file "M:\SteamLibrary\steamapps\common\Left 4 Dead 2 Dedicated Server\left4dead2\addons\sourcemod\logs\L20241017.log") (Version "1.11.0.6969")
L 10/17/2024 - 13:04:48: -------- Mapchange to c5m5_bridge --------
L 10/17/2024 - 13:04:51: [SM] Changed map to "c5m5_bridge"
L 10/17/2024 - 13:04:51: -------- Mapchange to c5m5_bridge --------
L 10/17/2024 - 13:05:40: -------- Mapchange to c5m1_waterfront --------
L 10/17/2024 - 13:24:57: SourceMod log file session started (file "M:\SteamLibrary\steamapps\common\Left 4 Dead 2 Dedicated Server\left4dead2\addons\sourcemod\logs\L20241017.log") (Version "1.11.0.6969")
L 10/17/2024 - 13:24:57: -------- Mapchange to c1m1_hotel --------
L 10/17/2024 - 13:26:58: [SM] Changed map to "c1m1_hotel"
L 10/17/2024 - 13:26:58: -------- Mapchange to c1m1_hotel --------
L 10/17/2024 - 13:27:44: Log file closed.
L 10/17/2024 - 13:41:15: SourceMod log file session started (file "M:\SteamLibrary\steamapps\common\Left 4 Dead 2 Dedicated Server\left4dead2\addons\sourcemod\logs\L20241017.log") (Version "1.11.0.6969")
L 10/17/2024 - 13:41:15: -------- Mapchange to c1m1_hotel --------
L 10/17/2024 - 13:41:17: [SM] Changed map to "c1m1_hotel"
L 10/17/2024 - 13:41:18: -------- Mapchange to c1m1_hotel --------
L 10/17/2024 - 13:42:33: Log file closed.
L 10/17/2024 - 13:49:22: SourceMod log file session started (file "M:\SteamLibrary\steamapps\common\Left 4 Dead 2 Dedicated Server\left4dead2\addons\sourcemod\logs\L20241017.log") (Version "1.11.0.6969")
L 10/17/2024 - 13:49:22: -------- Mapchange to c1m1_hotel --------
L 10/17/2024 - 13:49:33: -------- Mapchange to c14m1_junkyard --------
L 10/17/2024 - 13:49:48: Log file closed.
L 10/17/2024 - 13:50:06: SourceMod log file session started (file "M:\SteamLibrary\steamapps\common\Left 4 Dead 2 Dedicated Server\left4dead2\addons\sourcemod\logs\L20241017.log") (Version "1.11.0.6969")
L 10/17/2024 - 13:50:06: -------- Mapchange to c8m1_apartment --------
L 10/17/2024 - 13:53:19: SourceMod log file session started (file "M:\SteamLibrary\steamapps\common\Left 4 Dead 2 Dedicated Server\left4dead2\addons\sourcemod\logs\L20241017.log") (Version "1.11.0.6969")
L 10/17/2024 - 13:53:19: -------- Mapchange to c8m1_apartment --------
L 10/17/2024 - 13:54:34: SourceMod log file session started (file "M:\SteamLibrary\steamapps\common\Left 4 Dead 2 Dedicated Server\left4dead2\addons\sourcemod\logs\L20241017.log") (Version "1.11.0.6969")
L 10/17/2024 - 13:54:34: [SM] Changed map to "c1m1_hotel"
L 10/17/2024 - 13:54:35: -------- Mapchange to c1m1_hotel --------
L 10/17/2024 - 13:57:03: -------- Mapchange to c14m1_junkyard --------
L 10/17/2024 - 13:57:56: Log file closed.
L 10/17/2024 - 13:58:55: SourceMod log file session started (file "M:\SteamLibrary\steamapps\common\Left 4 Dead 2 Dedicated Server\left4dead2\addons\sourcemod\logs\L20241017.log") (Version "1.11.0.6969")
L 10/17/2024 - 13:58:55: [SM] Changed map to "c1m1_hotel"
L 10/17/2024 - 13:58:56: -------- Mapchange to c1m1_hotel --------
L 10/17/2024 - 14:00:36: Log file closed.
